<?xml version="1.0" encoding="UTF-8"?>
<!-- Generated by org.testng.reporters.JUnitXMLReporter -->
<testsuite ignored="0" hostname="VINU" failures="0" tests="2" name="BankingApp Test Chrome" time="27.07" errors="0" timestamp="2021-07-03T00:25:52 AEST">
  <testcase classname="com.inetbank.testCases.TC_NewCustomer_001" name="addNewCustomer" time="7.949"/>
  <testcase classname="com.inetbank.testCases.TC004_EditCustomer" name="editCustomer" time="10.591"/>
</testsuite> <!-- BankingApp Test Chrome -->
