<?xml version="1.0" encoding="UTF-8"?>
<testng-results skipped="0" failed="0" ignored="0" total="2" passed="2">
  <reporter-output>
  </reporter-output>
  <suite name="Internet Backing V1" duration-ms="19413" started-at="2021-07-02T21:50:02 AEST" finished-at="2021-07-02T21:50:21 AEST">
    <groups>
    </groups>
    <test name="BankingApp Test Chrome" duration-ms="19413" started-at="2021-07-02T21:50:02 AEST" finished-at="2021-07-02T21:50:21 AEST">
      <class name="com.inetbank.testCases.TC_LoginTest_001">
        <test-method status="PASS" signature="setUp(java.lang.String)[pri:0, instance:com.inetbank.testCases.TC_LoginTest_001@1563da5]" name="setUp" is-config="true" duration-ms="4550" started-at="2021-07-02T21:50:02 AEST" finished-at="2021-07-02T21:50:07 AEST">
          <params>
            <param index="0">
              <value>
                <![CDATA[chrome]]>
              </value>
            </param>
          </params>
          <reporter-output>
          </reporter-output>
        </test-method> <!-- setUp -->
        <test-method status="PASS" signature="loginTest()[pri:0, instance:com.inetbank.testCases.TC_LoginTest_001@1563da5]" name="loginTest" duration-ms="1177" started-at="2021-07-02T21:50:07 AEST" finished-at="2021-07-02T21:50:08 AEST">
          <reporter-output>
          </reporter-output>
        </test-method> <!-- loginTest -->
        <test-method status="PASS" signature="tearDown()[pri:0, instance:com.inetbank.testCases.TC_LoginTest_001@1563da5]" name="tearDown" is-config="true" duration-ms="1471" started-at="2021-07-02T21:50:08 AEST" finished-at="2021-07-02T21:50:10 AEST">
          <reporter-output>
          </reporter-output>
        </test-method> <!-- tearDown -->
      </class> <!-- com.inetbank.testCases.TC_LoginTest_001 -->
      <class name="com.inetbank.testCases.TC_NewCustomer_001">
        <test-method status="PASS" signature="setUp(java.lang.String)[pri:0, instance:com.inetbank.testCases.TC_NewCustomer_001@76b0bfab]" name="setUp" is-config="true" duration-ms="3297" started-at="2021-07-02T21:50:10 AEST" finished-at="2021-07-02T21:50:13 AEST">
          <params>
            <param index="0">
              <value>
                <![CDATA[chrome]]>
              </value>
            </param>
          </params>
          <reporter-output>
          </reporter-output>
        </test-method> <!-- setUp -->
        <test-method status="PASS" signature="addNewCustomer()[pri:0, instance:com.inetbank.testCases.TC_NewCustomer_001@76b0bfab]" name="addNewCustomer" duration-ms="7833" started-at="2021-07-02T21:50:13 AEST" finished-at="2021-07-02T21:50:21 AEST">
          <reporter-output>
          </reporter-output>
        </test-method> <!-- addNewCustomer -->
        <test-method status="PASS" signature="tearDown()[pri:0, instance:com.inetbank.testCases.TC_NewCustomer_001@76b0bfab]" name="tearDown" is-config="true" duration-ms="660" started-at="2021-07-02T21:50:21 AEST" finished-at="2021-07-02T21:50:21 AEST">
          <reporter-output>
          </reporter-output>
        </test-method> <!-- tearDown -->
      </class> <!-- com.inetbank.testCases.TC_NewCustomer_001 -->
    </test> <!-- BankingApp Test Chrome -->
  </suite> <!-- Internet Backing V1 -->
</testng-results>
