<?xml version="1.0" encoding="UTF-8"?>
<testng-results ignored="0" total="2" passed="2" failed="0" skipped="0">
  <reporter-output>
  </reporter-output>
  <suite started-at="2021-07-03T00:25:25 AEST" name="Internet Backing V1" finished-at="2021-07-03T00:25:52 AEST" duration-ms="27070">
    <groups>
    </groups>
    <test started-at="2021-07-03T00:25:25 AEST" name="BankingApp Test Chrome" finished-at="2021-07-03T00:25:52 AEST" duration-ms="27070">
      <class name="com.inetbank.testCases.TC_NewCustomer_001">
        <test-method is-config="true" signature="setUp(java.lang.String)[pri:0, instance:com.inetbank.testCases.TC_NewCustomer_001@82de64a]" started-at="2021-07-03T00:25:25 AEST" name="setUp" finished-at="2021-07-03T00:25:29 AEST" duration-ms="3653" status="PASS">
          <params>
            <param index="0">
              <value>
                <![CDATA[chrome]]>
              </value>
            </param>
          </params>
          <reporter-output>
          </reporter-output>
        </test-method> <!-- setUp -->
        <test-method signature="addNewCustomer()[pri:0, instance:com.inetbank.testCases.TC_NewCustomer_001@82de64a]" started-at="2021-07-03T00:25:29 AEST" name="addNewCustomer" finished-at="2021-07-03T00:25:37 AEST" duration-ms="7949" status="PASS">
          <reporter-output>
          </reporter-output>
        </test-method> <!-- addNewCustomer -->
        <test-method is-config="true" signature="tearDown()[pri:0, instance:com.inetbank.testCases.TC_NewCustomer_001@82de64a]" started-at="2021-07-03T00:25:37 AEST" name="tearDown" finished-at="2021-07-03T00:25:38 AEST" duration-ms="676" status="PASS">
          <reporter-output>
          </reporter-output>
        </test-method> <!-- tearDown -->
      </class> <!-- com.inetbank.testCases.TC_NewCustomer_001 -->
      <class name="com.inetbank.testCases.TC004_EditCustomer">
        <test-method is-config="true" signature="setUp(java.lang.String)[pri:0, instance:com.inetbank.testCases.TC004_EditCustomer@26e356f0]" started-at="2021-07-03T00:25:38 AEST" name="setUp" finished-at="2021-07-03T00:25:41 AEST" duration-ms="3164" status="PASS">
          <params>
            <param index="0">
              <value>
                <![CDATA[chrome]]>
              </value>
            </param>
          </params>
          <reporter-output>
          </reporter-output>
        </test-method> <!-- setUp -->
        <test-method signature="editCustomer()[pri:0, instance:com.inetbank.testCases.TC004_EditCustomer@26e356f0]" started-at="2021-07-03T00:25:41 AEST" name="editCustomer" finished-at="2021-07-03T00:25:51 AEST" duration-ms="10591" status="PASS">
          <reporter-output>
          </reporter-output>
        </test-method> <!-- editCustomer -->
        <test-method is-config="true" signature="tearDown()[pri:0, instance:com.inetbank.testCases.TC004_EditCustomer@26e356f0]" started-at="2021-07-03T00:25:51 AEST" name="tearDown" finished-at="2021-07-03T00:25:52 AEST" duration-ms="676" status="PASS">
          <reporter-output>
          </reporter-output>
        </test-method> <!-- tearDown -->
      </class> <!-- com.inetbank.testCases.TC004_EditCustomer -->
    </test> <!-- BankingApp Test Chrome -->
  </suite> <!-- Internet Backing V1 -->
</testng-results>
